<?xml version="1.0" encoding="UTF-8"?>
<testsuite xmlns:xsi="http://www.w3.org/2001/XMLSchema-instance" xsi:noNamespaceSchemaLocation="https://maven.apache.org/surefire/maven-surefire-plugin/xsd/surefire-test-report-3.0.xsd" version="3.0" name="tests.Test_Team" time="0.038" tests="13" errors="0" skipped="0" failures="0">
  <properties>
[...]
</properties>
  <testcase name="testTeamHasCorrectSquadSize" classname="tests.Test_Team" time="0.006"/>
  <testcase name="testOffensiveRatingIsPositive" classname="tests.Test_Team" time="0.012"/>
  <testcase name="testTeamHasGoalkeeper" classname="tests.Test_Team" time="0.001"/>
  <testcase name="testGoalDifference" classname="tests.Test_Team" time="0.001"/>
  <testcase name="testCoachHasTraits" classname="tests.Test_Team" time="0.002"/>
  <testcase name="testTeamHasName" classname="tests.Test_Team" time="0.001"/>
  <testcase name="testTeamHasThreeCoaches" classname="tests.Test_Team" time="0.002"/>
  <testcase name="testDefensiveRatingIsPositive" classname="tests.Test_Team" time="0.001"/>
  <testcase name="testManagerAIDefault" classname="tests.Test_Team" time="0.0"/>
  <testcase name="testAddPlayer" classname="tests.Test_Team" time="0.0"/>
  <testcase name="testSetPoints" classname="tests.Test_Team" time="0.007"/>
  <testcase name="testInitialStatsAreZero" classname="tests.Test_Team" time="0.0"/>
  <testcase name="testAllPlayersHaveProficiencyMap" classname="tests.Test_Team" time="0.0"/>
</testsuite>